<?xml version="1.0" encoding="UTF-8"?>
<testng-results skipped="0" failed="0" total="1" passed="1">
  <reporter-output>
  </reporter-output>
  <suite name="Default suite" duration-ms="13941" started-at="2018-07-06T20:01:35Z" finished-at="2018-07-06T20:01:49Z">
    <groups>
    </groups>
    <test name="Default test" duration-ms="13941" started-at="2018-07-06T20:01:35Z" finished-at="2018-07-06T20:01:49Z">
      <class name="com.grimm.maven.selenium.mantis.test.Try">
        <test-method status="PASS" signature="setUp()[pri:0, instance:com.grimm.maven.selenium.mantis.test.Try@d2cc05a]" name="setUp" is-config="true" duration-ms="11106" started-at="2018-07-07T04:01:35Z" finished-at="2018-07-07T04:01:46Z">
          <reporter-output>
          </reporter-output>
        </test-method> <!-- setUp -->
        <test-method status="PASS" signature="test1()[pri:0, instance:com.grimm.maven.selenium.mantis.test.Try@d2cc05a]" name="test1" duration-ms="2006" started-at="2018-07-07T04:01:46Z" finished-at="2018-07-07T04:01:48Z">
          <reporter-output>
          </reporter-output>
        </test-method> <!-- test1 -->
        <test-method status="PASS" signature="quit()[pri:0, instance:com.grimm.maven.selenium.mantis.test.Try@d2cc05a]" name="quit" is-config="true" duration-ms="817" started-at="2018-07-07T04:01:48Z" finished-at="2018-07-07T04:01:49Z">
          <reporter-output>
          </reporter-output>
        </test-method> <!-- quit -->
      </class> <!-- com.grimm.maven.selenium.mantis.test.Try -->
    </test> <!-- Default test -->
  </suite> <!-- Default suite -->
</testng-results>
